<?xml version="1.0" encoding="UTF-8"?>
<!-- Generated by org.testng.reporters.JUnitReportReporter -->
<testsuite hostname="DESKTOP-AB4HUMF" failures="0" tests="1" name="org.pom_TestCases.LoginPageTestCases" time="74.556" errors="0" timestamp="2025-04-26T20:12:53 IST" skipped="0">
  <testcase classname="org.pom_TestCases.LoginPageTestCases" name="verifyLoginPage" time="74.556"/>
  <system-out/>
</testsuite> <!-- org.pom_TestCases.LoginPageTestCases -->
